<?xml version="1.0" encoding="UTF-8"?>
<testsuite name="it.unimi.di.sweng.lab12.view.TestIntegrazione" tests="1" skipped="0" failures="0" errors="0" timestamp="2023-01-20T21:26:48" hostname="HYANG" time="8.104">
  <properties/>
  <testcase name="testSomething" classname="it.unimi.di.sweng.lab12.view.TestIntegrazione" time="8.104"/>
  <system-out><![CDATA[]]></system-out>
  <system-err><![CDATA[1月 20, 2023 10:26:48 下午 com.sun.javafx.application.PlatformImpl startup
警告: Unsupported JavaFX configuration: classes were loaded from 'unnamed module @229f66ed'
]]></system-err>
</testsuite>
