<?xml version="1.0" encoding="UTF-8"?>
<testsuite name="it.unimi.di.sweng.lab12.presenter.DisplayPresenterTest" tests="1" skipped="0" failures="0" errors="0" timestamp="2023-01-20T21:47:26" hostname="HYANG" time="0.998">
  <properties/>
  <testcase name="displayPresenterTest()" classname="it.unimi.di.sweng.lab12.presenter.DisplayPresenterTest" time="0.998"/>
  <system-out><![CDATA[]]></system-out>
  <system-err><![CDATA[]]></system-err>
</testsuite>
